2022-12-31 13:23:23,345 INFO img_processing STATUS - /userhome/2072/fyp22007/data/raw_images/478130_4419430_38_323/2.CR3 has no cropped sherd found
2022-12-31 13:23:25,962 INFO img_processing STATUS - /userhome/2072/fyp22007/data/raw_images/478130_4419430_38_323/1.CR3 has no cropped sherd found
2022-12-31 13:23:30,090 INFO img_processing STATUS - /userhome/2072/fyp22007/data/raw_images/478130_4419430_9_2/1.CR2: SUCCESS
2022-12-31 13:23:30,117 INFO numexpr.utils Note: NumExpr detected 16 cores but "NUMEXPR_MAX_THREADS" not set, so enforcing safe limit of 8.
2022-12-31 13:23:30,118 INFO numexpr.utils NumExpr defaulting to 8 threads.
2022-12-31 13:23:34,082 INFO img_processing STATUS - /userhome/2072/fyp22007/data/raw_images/478130_4419430_9_2/2.CR2: SUCCESS
2022-12-31 13:23:36,505 INFO img_processing STATUS - /userhome/2072/fyp22007/data/raw_images/478130_4419430_38_354/2.CR3: SUCCESS
2022-12-31 13:23:36,511 INFO img_processing no target label found for this image /userhome/2072/fyp22007/data/raw_images/478130_4419430_38_354/2.CR3
2022-12-31 13:23:38,885 INFO img_processing STATUS - /userhome/2072/fyp22007/data/raw_images/478130_4419430_38_354/1.CR3 has no cropped sherd found
2022-12-31 13:23:41,412 INFO img_processing STATUS - /userhome/2072/fyp22007/data/raw_images/478130_4419430_38_259/2.CR3: SUCCESS
2022-12-31 13:23:41,416 INFO img_processing no target label found for this image /userhome/2072/fyp22007/data/raw_images/478130_4419430_38_259/2.CR3
2022-12-31 13:23:43,988 INFO img_processing STATUS - /userhome/2072/fyp22007/data/raw_images/478130_4419430_38_259/1.CR3 has no cropped sherd found
2022-12-31 13:23:48,444 INFO img_processing STATUS - /userhome/2072/fyp22007/data/raw_images/478130_4419430_3_40/1.CR2: SUCCESS
2022-12-31 13:23:52,817 INFO img_processing STATUS - /userhome/2072/fyp22007/data/raw_images/478130_4419430_3_40/2.CR2: SUCCESS
2022-12-31 13:23:56,625 INFO img_processing STATUS - /userhome/2072/fyp22007/data/raw_images/478130_4419430_3_37/2.CR2: SUCCESS
2022-12-31 13:24:00,353 INFO img_processing STATUS - /userhome/2072/fyp22007/data/raw_images/478130_4419430_3_37/1.CR2: SUCCESS
2022-12-31 13:24:27,631 INFO img_processing STATUS - /userhome/2072/fyp22007/data/raw_images/478130_4419430_9_163/1.CR2: SUCCESS
2022-12-31 13:24:31,302 INFO img_processing STATUS - /userhome/2072/fyp22007/data/raw_images/478130_4419430_9_163/2.CR2: SUCCESS
2022-12-31 13:24:34,753 INFO img_processing STATUS - /userhome/2072/fyp22007/data/raw_images/478130_4419430_3_137/2.CR2 has no cropped sherd found
2022-12-31 13:24:38,240 INFO img_processing STATUS - /userhome/2072/fyp22007/data/raw_images/478130_4419430_3_137/1.CR2 has no cropped sherd found
2022-12-31 13:24:41,852 INFO img_processing STATUS - /userhome/2072/fyp22007/data/raw_images/478130_4419430_3_140/2.CR2: SUCCESS
2022-12-31 13:24:45,510 INFO img_processing /userhome/2072/fyp22007/data/raw_images/478130_4419430_3_140/1.CR2: Cnt contains no value - masking() Utils
2022-12-31 13:24:49,074 INFO img_processing STATUS - /userhome/2072/fyp22007/data/raw_images/478130_4419430_9_114/1.CR2 has no cropped sherd found
2022-12-31 13:24:52,670 INFO img_processing STATUS - /userhome/2072/fyp22007/data/raw_images/478130_4419430_9_114/2.CR2 has no cropped sherd found
2022-12-31 13:24:55,264 INFO img_processing STATUS - /userhome/2072/fyp22007/data/raw_images/478130_4419430_38_38/1.CR3 has no cropped sherd found
2022-12-31 13:24:57,885 INFO img_processing STATUS - /userhome/2072/fyp22007/data/raw_images/478130_4419430_38_38/2.CR3 has no cropped sherd found
2022-12-31 13:25:01,684 INFO img_processing STATUS - /userhome/2072/fyp22007/data/raw_images/478130_4419430_8_32/2.CR2 has no cropped sherd found
2022-12-31 13:25:05,518 INFO img_processing STATUS - /userhome/2072/fyp22007/data/raw_images/478130_4419430_8_32/1.CR2 has no cropped sherd found
2022-12-31 13:25:09,448 INFO img_processing STATUS - /userhome/2072/fyp22007/data/raw_images/478130_4419430_8_45/2.CR2 has no cropped sherd found
2022-12-31 13:25:13,336 INFO img_processing STATUS - /userhome/2072/fyp22007/data/raw_images/478130_4419430_8_45/1.CR2 has no cropped sherd found
2022-12-31 13:25:16,417 INFO img_processing STATUS - /userhome/2072/fyp22007/data/raw_images/478130_4419430_41_423/1.CR3: SUCCESS
2022-12-31 13:25:16,422 INFO img_processing no target label found for this image /userhome/2072/fyp22007/data/raw_images/478130_4419430_41_423/1.CR3
2022-12-31 13:25:19,304 INFO img_processing STATUS - /userhome/2072/fyp22007/data/raw_images/478130_4419430_41_423/2.CR3: SUCCESS
2022-12-31 13:25:19,308 INFO img_processing no target label found for this image /userhome/2072/fyp22007/data/raw_images/478130_4419430_41_423/2.CR3
2022-12-31 13:25:22,706 INFO img_processing STATUS - /userhome/2072/fyp22007/data/raw_images/478130_4419430_2_162/2.CR2 has no cropped sherd found
2022-12-31 13:25:26,247 INFO img_processing STATUS - /userhome/2072/fyp22007/data/raw_images/478130_4419430_2_162/1.CR2 has no cropped sherd found
2022-12-31 13:25:29,912 INFO img_processing STATUS - /userhome/2072/fyp22007/data/raw_images/478130_4419430_2_115/2.CR2: SUCCESS
2022-12-31 13:25:34,011 INFO img_processing STATUS - /userhome/2072/fyp22007/data/raw_images/478130_4419430_2_115/1.CR2: SUCCESS
2022-12-31 13:25:37,885 INFO img_processing STATUS - /userhome/2072/fyp22007/data/raw_images/478130_4419430_5_95/2.CR2 has no cropped sherd found
2022-12-31 13:25:41,864 INFO img_processing STATUS - /userhome/2072/fyp22007/data/raw_images/478130_4419430_5_95/1.CR2 has no cropped sherd found
2022-12-31 13:25:44,387 INFO img_processing STATUS - /userhome/2072/fyp22007/data/raw_images/478130_4419430_42_981/2.CR3: SUCCESS
2022-12-31 13:25:44,391 INFO img_processing no target label found for this image /userhome/2072/fyp22007/data/raw_images/478130_4419430_42_981/2.CR3
2022-12-31 13:25:46,718 INFO img_processing STATUS - /userhome/2072/fyp22007/data/raw_images/478130_4419430_42_981/1.CR3: SUCCESS
2022-12-31 13:25:46,722 INFO img_processing no target label found for this image /userhome/2072/fyp22007/data/raw_images/478130_4419430_42_981/1.CR3
2022-12-31 13:25:49,423 INFO img_processing STATUS - /userhome/2072/fyp22007/data/raw_images/478130_4419430_38_45/1.CR3 has no cropped sherd found
2022-12-31 13:25:52,124 INFO img_processing STATUS - /userhome/2072/fyp22007/data/raw_images/478130_4419430_38_45/2.CR3 has no cropped sherd found
2022-12-31 13:25:54,925 INFO img_processing STATUS - /userhome/2072/fyp22007/data/raw_images/478130_4419430_38_32/1.CR3: SUCCESS
2022-12-31 13:25:54,929 INFO img_processing no target label found for this image /userhome/2072/fyp22007/data/raw_images/478130_4419430_38_32/1.CR3
2022-12-31 13:25:57,829 INFO img_processing STATUS - /userhome/2072/fyp22007/data/raw_images/478130_4419430_38_32/2.CR3: SUCCESS
2022-12-31 13:25:57,833 INFO img_processing no target label found for this image /userhome/2072/fyp22007/data/raw_images/478130_4419430_38_32/2.CR3
2022-12-31 13:26:00,315 INFO img_processing STATUS - /userhome/2072/fyp22007/data/raw_images/478130_4419430_41_524/1.CR3 has no cropped sherd found
2022-12-31 13:26:02,756 INFO img_processing STATUS - /userhome/2072/fyp22007/data/raw_images/478130_4419430_41_524/2.CR3 has no cropped sherd found
2022-12-31 13:26:06,511 INFO img_processing STATUS - /userhome/2072/fyp22007/data/raw_images/478130_4419430_8_38/2.CR2 has no cropped sherd found
2022-12-31 13:26:10,450 INFO img_processing STATUS - /userhome/2072/fyp22007/data/raw_images/478130_4419430_8_38/1.CR2 has no cropped sherd found
2022-12-31 13:26:13,814 INFO img_processing STATUS - /userhome/2072/fyp22007/data/raw_images/478130_4419430_6_20/1.CR2 has no cropped sherd found
2022-12-31 13:26:17,049 INFO img_processing STATUS - /userhome/2072/fyp22007/data/raw_images/478130_4419430_6_20/2.CR2 has no cropped sherd found
2022-12-31 13:26:21,078 INFO img_processing /userhome/2072/fyp22007/data/raw_images/478130_4419430_3_400/1.CR2: Cnt contains no value - masking() Utils
2022-12-31 13:26:24,816 INFO img_processing STATUS - /userhome/2072/fyp22007/data/raw_images/478130_4419430_3_400/2.CR2 has no cropped sherd found
2022-12-31 13:26:28,601 INFO img_processing STATUS - /userhome/2072/fyp22007/data/raw_images/478130_4419430_5_71/2.CR2: SUCCESS
2022-12-31 13:26:32,366 INFO img_processing STATUS - /userhome/2072/fyp22007/data/raw_images/478130_4419430_5_71/1.CR2: SUCCESS
2022-12-31 13:26:35,110 INFO img_processing STATUS - /userhome/2072/fyp22007/data/raw_images/478130_4419430_38_329/2.CR3 has no cropped sherd found
2022-12-31 13:26:38,098 INFO img_processing STATUS - /userhome/2072/fyp22007/data/raw_images/478130_4419430_38_329/1.CR3 has no cropped sherd found
2022-12-31 13:26:41,842 INFO img_processing STATUS - /userhome/2072/fyp22007/data/raw_images/478130_4419430_9_8/1.CR2: SUCCESS
2022-12-31 13:26:45,431 INFO img_processing STATUS - /userhome/2072/fyp22007/data/raw_images/478130_4419430_9_8/2.CR2: SUCCESS
2022-12-31 13:26:48,150 INFO img_processing STATUS - /userhome/2072/fyp22007/data/raw_images/478130_4419430_38_253/1.CR3 has no cropped sherd found
2022-12-31 13:26:50,583 INFO img_processing STATUS - /userhome/2072/fyp22007/data/raw_images/478130_4419430_38_253/2.CR3 has no cropped sherd found
2022-12-31 13:26:52,946 INFO img_processing STATUS - /userhome/2072/fyp22007/data/raw_images/478130_4419430_37_400/2.CR3 has no cropped sherd found
2022-12-31 13:26:55,393 INFO img_processing STATUS - /userhome/2072/fyp22007/data/raw_images/478130_4419430_37_400/1.CR3 has no cropped sherd found
2022-12-31 13:26:58,944 INFO img_processing STATUS - /userhome/2072/fyp22007/data/raw_images/478130_4419430_8_5/2.CR2: SUCCESS
2022-12-31 13:27:02,751 INFO img_processing STATUS - /userhome/2072/fyp22007/data/raw_images/478130_4419430_8_5/1.CR2: SUCCESS
2022-12-31 13:27:05,347 INFO img_processing STATUS - /userhome/2072/fyp22007/data/raw_images/478130_4419430_38_224/1.CR3: SUCCESS
2022-12-31 13:27:05,350 INFO img_processing no target label found for this image /userhome/2072/fyp22007/data/raw_images/478130_4419430_38_224/1.CR3
2022-12-31 13:27:07,743 INFO img_processing STATUS - /userhome/2072/fyp22007/data/raw_images/478130_4419430_38_224/2.CR3: SUCCESS
2022-12-31 13:27:07,748 INFO img_processing no target label found for this image /userhome/2072/fyp22007/data/raw_images/478130_4419430_38_224/2.CR3
2022-12-31 13:27:11,587 INFO img_processing STATUS - /userhome/2072/fyp22007/data/raw_images/478130_4419430_9_187/1.CR2: SUCCESS
2022-12-31 13:27:14,955 INFO img_processing STATUS - /userhome/2072/fyp22007/data/raw_images/478130_4419430_9_187/2.CR2: SUCCESS
2022-12-31 13:27:18,413 INFO img_processing STATUS - /userhome/2072/fyp22007/data/raw_images/478130_4419430_9_169/1.CR2: SUCCESS
2022-12-31 13:27:27,007 INFO img_processing STATUS - /userhome/2072/fyp22007/data/raw_images/478130_4419430_9_169/2.CR2: SUCCESS
2022-12-31 13:27:30,882 INFO img_processing STATUS - /userhome/2072/fyp22007/data/raw_images/478130_4419430_5_168/1.CR2: SUCCESS
2022-12-31 13:27:34,905 INFO img_processing STATUS - /userhome/2072/fyp22007/data/raw_images/478130_4419430_5_168/2.CR2 has no cropped sherd found
2022-12-31 13:27:37,642 INFO img_processing STATUS - /userhome/2072/fyp22007/data/raw_images/478130_4419430_37_344/1.CR3 has no cropped sherd found
2022-12-31 13:27:40,140 INFO img_processing STATUS - /userhome/2072/fyp22007/data/raw_images/478130_4419430_37_344/2.CR3 has no cropped sherd found
2022-12-31 13:27:45,237 INFO img_processing STATUS - /userhome/2072/fyp22007/data/raw_images/478130_4419430_5_186/1.CR2: SUCCESS
2022-12-31 13:27:49,954 INFO img_processing STATUS - /userhome/2072/fyp22007/data/raw_images/478130_4419430_5_186/2.CR2: SUCCESS
2022-12-31 13:27:53,525 INFO img_processing STATUS - /userhome/2072/fyp22007/data/raw_images/478130_4419430_2_85/1.CR2 has no cropped sherd found
2022-12-31 13:27:57,133 INFO img_processing STATUS - /userhome/2072/fyp22007/data/raw_images/478130_4419430_2_85/2.CR2 has no cropped sherd found
2022-12-31 13:27:59,624 INFO img_processing STATUS - /userhome/2072/fyp22007/data/raw_images/478130_4419430_37_333/2.CR3 has no cropped sherd found
2022-12-31 13:28:02,145 INFO img_processing STATUS - /userhome/2072/fyp22007/data/raw_images/478130_4419430_37_333/1.CR3 has no cropped sherd found
2022-12-31 13:28:05,769 INFO img_processing STATUS - /userhome/2072/fyp22007/data/raw_images/478130_4419430_3_333/1.CR2 has no cropped sherd found
2022-12-31 13:28:09,446 INFO img_processing STATUS - /userhome/2072/fyp22007/data/raw_images/478130_4419430_3_333/2.CR2 has no cropped sherd found
2022-12-31 13:28:14,529 INFO img_processing STATUS - /userhome/2072/fyp22007/data/raw_images/478130_4419430_9_19/2.CR2: SUCCESS
2022-12-31 13:28:19,665 INFO img_processing STATUS - /userhome/2072/fyp22007/data/raw_images/478130_4419430_9_19/1.CR2: SUCCESS
2022-12-31 13:28:23,353 INFO img_processing /userhome/2072/fyp22007/data/raw_images/478130_4419430_3_344/2.CR2: Cnt contains no value - masking() Utils
2022-12-31 13:28:27,149 INFO img_processing STATUS - /userhome/2072/fyp22007/data/raw_images/478130_4419430_3_344/1.CR2 has no cropped sherd found
2022-12-31 13:28:30,867 INFO img_processing STATUS - /userhome/2072/fyp22007/data/raw_images/478130_4419430_9_80/1.CR2 has no cropped sherd found
2022-12-31 13:28:34,998 INFO img_processing STATUS - /userhome/2072/fyp22007/data/raw_images/478130_4419430_9_80/2.CR2 has no cropped sherd found
2022-12-31 13:28:38,324 INFO img_processing STATUS - /userhome/2072/fyp22007/data/raw_images/478130_4419430_3_249/2.CR2 has no cropped sherd found
2022-12-31 13:28:41,883 INFO img_processing STATUS - /userhome/2072/fyp22007/data/raw_images/478130_4419430_3_249/1.CR2 has no cropped sherd found
2022-12-31 13:28:44,680 INFO img_processing STATUS - /userhome/2072/fyp22007/data/raw_images/478130_4419430_38_127/2.CR3 has no cropped sherd found
2022-12-31 13:28:47,618 INFO img_processing STATUS - /userhome/2072/fyp22007/data/raw_images/478130_4419430_38_127/1.CR3 has no cropped sherd found
2022-12-31 13:28:51,079 INFO img_processing STATUS - /userhome/2072/fyp22007/data/raw_images/478130_4419430_4_27/2.CR2 has no cropped sherd found
2022-12-31 13:28:54,655 INFO img_processing STATUS - /userhome/2072/fyp22007/data/raw_images/478130_4419430_4_27/1.CR2 has no cropped sherd found
2022-12-31 13:28:57,814 INFO img_processing STATUS - /userhome/2072/fyp22007/data/raw_images/478130_4419430_38_150/2.CR3 has no cropped sherd found
2022-12-31 13:29:00,540 INFO img_processing STATUS - /userhome/2072/fyp22007/data/raw_images/478130_4419430_38_150/1.CR3 has no cropped sherd found
2022-12-31 13:29:05,339 INFO img_processing STATUS - /userhome/2072/fyp22007/data/raw_images/478130_4419430_9_13/2.CR2: SUCCESS
2022-12-31 13:29:10,187 INFO img_processing STATUS - /userhome/2072/fyp22007/data/raw_images/478130_4419430_9_13/1.CR2: SUCCESS
2022-12-31 13:29:13,769 INFO img_processing STATUS - /userhome/2072/fyp22007/data/raw_images/478130_4419430_3_339/2.CR2 has no cropped sherd found
2022-12-31 13:29:17,635 INFO img_processing STATUS - /userhome/2072/fyp22007/data/raw_images/478130_4419430_3_339/1.CR2 has no cropped sherd found
2022-12-31 13:29:21,508 INFO img_processing STATUS - /userhome/2072/fyp22007/data/raw_images/478130_4419430_9_64/1.CR2 has no cropped sherd found
2022-12-31 13:29:25,295 INFO img_processing STATUS - /userhome/2072/fyp22007/data/raw_images/478130_4419430_9_64/2.CR2 has no cropped sherd found
2022-12-31 13:29:28,722 INFO img_processing STATUS - /userhome/2072/fyp22007/data/raw_images/478130_4419430_3_243/1.CR2 has no cropped sherd found
2022-12-31 13:29:32,060 INFO img_processing STATUS - /userhome/2072/fyp22007/data/raw_images/478130_4419430_3_243/2.CR2 has no cropped sherd found
2022-12-31 13:29:36,314 INFO img_processing STATUS - /userhome/2072/fyp22007/data/raw_images/478130_4419430_3_234/2.CR2: SUCCESS
2022-12-31 13:29:40,607 INFO img_processing STATUS - /userhome/2072/fyp22007/data/raw_images/478130_4419430_3_234/1.CR2 has no cropped sherd found
2022-12-31 13:29:43,105 INFO img_processing STATUS - /userhome/2072/fyp22007/data/raw_images/478130_4419430_41_389/1.CR3 has no cropped sherd found
2022-12-31 13:29:45,543 INFO img_processing STATUS - /userhome/2072/fyp22007/data/raw_images/478130_4419430_41_389/2.CR3 has no cropped sherd found
2022-12-31 13:29:49,485 INFO img_processing STATUS - /userhome/2072/fyp22007/data/raw_images/478130_4419430_1_30/1.CR2: SUCCESS
2022-12-31 13:29:53,495 INFO img_processing STATUS - /userhome/2072/fyp22007/data/raw_images/478130_4419430_1_30/2.CR2: SUCCESS
2022-12-31 13:29:56,018 INFO img_processing STATUS - /userhome/2072/fyp22007/data/raw_images/478130_4419430_42_636/2.CR3 has no cropped sherd found
2022-12-31 13:29:58,429 INFO img_processing STATUS - /userhome/2072/fyp22007/data/raw_images/478130_4419430_42_636/1.CR3 has no cropped sherd found
2022-12-31 13:30:01,268 INFO img_processing STATUS - /userhome/2072/fyp22007/data/raw_images/478130_4419430_1_47/2.CR2 has no cropped sherd found
2022-12-31 13:30:04,068 INFO img_processing /userhome/2072/fyp22007/data/raw_images/478130_4419430_1_47/1.CR2: Cnt contains no value - masking() Utils
2022-12-31 13:30:07,499 INFO img_processing STATUS - /userhome/2072/fyp22007/data/raw_images/478130_4419430_2_61/1.CR2: SUCCESS
2022-12-31 13:30:10,946 INFO img_processing STATUS - /userhome/2072/fyp22007/data/raw_images/478130_4419430_2_61/2.CR2: SUCCESS
2022-12-31 13:30:14,775 INFO img_processing STATUS - /userhome/2072/fyp22007/data/raw_images/478130_4419430_5_162/2.CR2 has no cropped sherd found
2022-12-31 13:30:18,481 INFO img_processing STATUS - /userhome/2072/fyp22007/data/raw_images/478130_4419430_5_162/1.CR2 has no cropped sherd found
2022-12-31 13:30:22,046 INFO img_processing STATUS - /userhome/2072/fyp22007/data/raw_images/478130_4419430_5_115/2.CR2 has no cropped sherd found
2022-12-31 13:30:25,659 INFO img_processing STATUS - /userhome/2072/fyp22007/data/raw_images/478130_4419430_5_115/1.CR2 has no cropped sherd found
2022-12-31 13:30:29,237 INFO img_processing /userhome/2072/fyp22007/data/raw_images/478130_4419430_2_16/2.CR2: Cnt contains no value - masking() Utils
2022-12-31 13:30:32,687 INFO img_processing STATUS - /userhome/2072/fyp22007/data/raw_images/478130_4419430_2_16/1.CR2 has no cropped sherd found
2022-12-31 13:30:35,427 INFO img_processing STATUS - /userhome/2072/fyp22007/data/raw_images/478130_4419430_37_339/2.CR3 has no cropped sherd found
2022-12-31 13:30:37,986 INFO img_processing STATUS - /userhome/2072/fyp22007/data/raw_images/478130_4419430_37_339/1.CR3 has no cropped sherd found
2022-12-31 13:30:41,940 INFO img_processing STATUS - /userhome/2072/fyp22007/data/raw_images/478130_4419430_2_127/1.CR2 has no cropped sherd found
2022-12-31 13:30:45,646 INFO img_processing STATUS - /userhome/2072/fyp22007/data/raw_images/478130_4419430_2_127/2.CR2 has no cropped sherd found
2022-12-31 13:30:49,359 INFO img_processing STATUS - /userhome/2072/fyp22007/data/raw_images/478130_4419430_2_150/2.CR2 has no cropped sherd found
2022-12-31 13:30:52,906 INFO img_processing STATUS - /userhome/2072/fyp22007/data/raw_images/478130_4419430_2_150/1.CR2 has no cropped sherd found
2022-12-31 13:30:55,482 INFO img_processing STATUS - /userhome/2072/fyp22007/data/raw_images/478130_4419430_42_493/1.CR3 has no cropped sherd found
2022-12-31 13:30:58,020 INFO img_processing STATUS - /userhome/2072/fyp22007/data/raw_images/478130_4419430_42_493/2.CR3 has no cropped sherd found
2022-12-31 13:31:00,378 INFO img_processing STATUS - /userhome/2072/fyp22007/data/raw_images/478130_4419430_42_827/1.CR3 has no cropped sherd found
2022-12-31 13:31:02,692 INFO img_processing STATUS - /userhome/2072/fyp22007/data/raw_images/478130_4419430_42_827/2.CR3 has no cropped sherd found
2022-12-31 13:31:06,305 INFO img_processing STATUS - /userhome/2072/fyp22007/data/raw_images/478130_4419430_5_49/2.CR2 has no cropped sherd found
2022-12-31 13:31:10,053 INFO img_processing STATUS - /userhome/2072/fyp22007/data/raw_images/478130_4419430_5_49/1.CR2 has no cropped sherd found
2022-12-31 13:31:13,268 INFO img_processing STATUS - /userhome/2072/fyp22007/data/raw_images/478130_4419430_8_77/2.CR2 has no cropped sherd found
2022-12-31 13:31:16,524 INFO img_processing /userhome/2072/fyp22007/data/raw_images/478130_4419430_8_77/1.CR2: Cnt contains no value
2022-12-31 13:31:19,383 INFO img_processing STATUS - /userhome/2072/fyp22007/data/raw_images/478130_4419430_41_488/2.CR3: SUCCESS
2022-12-31 13:31:19,388 INFO img_processing no target label found for this image /userhome/2072/fyp22007/data/raw_images/478130_4419430_41_488/2.CR3
2022-12-31 13:31:22,075 INFO img_processing STATUS - /userhome/2072/fyp22007/data/raw_images/478130_4419430_41_488/1.CR3: SUCCESS
2022-12-31 13:31:22,079 INFO img_processing no target label found for this image /userhome/2072/fyp22007/data/raw_images/478130_4419430_41_488/1.CR3
2022-12-31 13:31:24,835 INFO img_processing STATUS - /userhome/2072/fyp22007/data/raw_images/478130_4419430_38_93/2.CR3 has no cropped sherd found
2022-12-31 13:31:27,606 INFO img_processing STATUS - /userhome/2072/fyp22007/data/raw_images/478130_4419430_38_93/1.CR3 has no cropped sherd found
2022-12-31 13:31:30,811 INFO img_processing STATUS - /userhome/2072/fyp22007/data/raw_images/478130_4419430_6_18/1.CR2 has no cropped sherd found
2022-12-31 13:31:33,863 INFO img_processing STATUS - /userhome/2072/fyp22007/data/raw_images/478130_4419430_6_18/2.CR2 has no cropped sherd found
2022-12-31 13:31:37,035 INFO img_processing STATUS - /userhome/2072/fyp22007/data/raw_images/478130_4419430_3_72/1.CR2 has no cropped sherd found
2022-12-31 13:31:40,253 INFO img_processing STATUS - /userhome/2072/fyp22007/data/raw_images/478130_4419430_3_72/2.CR2 has no cropped sherd found
2022-12-31 13:31:43,724 INFO img_processing STATUS - /userhome/2072/fyp22007/data/raw_images/478130_4419430_9_126/2.CR2 has no cropped sherd found
2022-12-31 13:31:47,337 INFO img_processing STATUS - /userhome/2072/fyp22007/data/raw_images/478130_4419430_9_126/1.CR2 has no cropped sherd found
2022-12-31 13:31:51,166 INFO img_processing STATUS - /userhome/2072/fyp22007/data/raw_images/478130_4419430_3_172/2.CR2 has no cropped sherd found
2022-12-31 13:31:55,099 INFO img_processing STATUS - /userhome/2072/fyp22007/data/raw_images/478130_4419430_3_172/1.CR2 has no cropped sherd found
2022-12-31 13:31:58,849 INFO img_processing STATUS - /userhome/2072/fyp22007/data/raw_images/478130_4419430_3_105/2.CR2 has no cropped sherd found
2022-12-31 13:32:02,796 INFO img_processing STATUS - /userhome/2072/fyp22007/data/raw_images/478130_4419430_3_105/1.CR2 has no cropped sherd found
2022-12-31 13:32:06,161 INFO img_processing STATUS - /userhome/2072/fyp22007/data/raw_images/478130_4419430_9_151/1.CR2 has no cropped sherd found
2022-12-31 13:32:09,558 INFO img_processing STATUS - /userhome/2072/fyp22007/data/raw_images/478130_4419430_9_151/2.CR2 has no cropped sherd found
